Issued lw

[CLOCK 1]
Instruction lw is at stage 1
Advancing lw

[CLOCK 2]
Instruction lw is at stage 2
Read operands for lw
Can't issue addi

[CLOCK 3]
Instruction lw is at stage 3
Executing lw

[CLOCK 4]
Instruction lw is at stage 4
Executing lw

[CLOCK 5]
Instruction lw is at stage 5
Write back for lw
Successful write-back for lw
Issued addi
Instruction addi is at stage 1
Advancing addi

[CLOCK 6]
Instruction addi is at stage 2
Read operands for addi
Issued lw

[CLOCK 7]
Instruction lw is at stage 1
Advancing lw
Instruction addi is at stage 3
Executing addi

[CLOCK 8]
Instruction lw is at stage 2
Read operands for lw
Can't issue addi
Instruction addi is at stage 5
Write back for addi
Successful write-back for addi
Can't issue addi

[CLOCK 9]
Instruction lw is at stage 3
Executing lw

[CLOCK 10]
Instruction lw is at stage 4
Executing lw

[CLOCK 11]
Instruction lw is at stage 5
Write back for lw
Successful write-back for lw
Issued addi
Instruction addi is at stage 1
Advancing addi

[CLOCK 12]
Instruction addi is at stage 2
Read operands for addi
Issued add
Instruction add is at stage 1
Advancing add

[CLOCK 13]
Instruction addi is at stage 3
Executing addi
Instruction add is at stage 2
Read operands for add
Issued sw

[CLOCK 14]
Instruction sw is at stage 1
Advancing sw
Instruction addi is at stage 5
Write back for addi
Successful write-back for addi
Issued addi
Instruction add is at stage 3
Executing add

[CLOCK 15]
Instruction sw is at stage 2
Read operands for sw
Instruction addi is at stage 1
Advancing addi
Instruction add is at stage 5
Write back for add
Successful write-back for add

[CLOCK 16]
Instruction sw is at stage 3
Executing sw
Instruction addi is at stage 2
Read operands for addi

[CLOCK 17]
Instruction sw is at stage 4
Executing sw
Instruction addi is at stage 3
Executing addi

[CLOCK 18]
Instruction sw is at stage 5
Write back for sw
Successful write-back for sw
Instruction addi is at stage 5
Write back for addi
Successful write-back for addi

[CLOCK 19]

[CLOCK 20]

[CLOCK 21]

[CLOCK 22]

[CLOCK 23]

[CLOCK 24]

[CLOCK 25]

[CLOCK 26]

[CLOCK 27]

[CLOCK 28]

[CLOCK 29]

[CLOCK 30]

[CLOCK 31]
lw $2 $4 None	{1: 1, 2: 2, 3: 3, 4: 4, 5: 5}
addi $2 $2 INC1	{1: 5, 2: 6, 3: 7, 4: 7, 5: 8}
lw $3 $4 None	{1: 7, 2: 8, 3: 9, 4: 10, 5: 11}
addi $3 $3 INC2	{1: 11, 2: 12, 3: 13, 4: 13, 5: 14}
add $5 $2 $3	{1: 12, 2: 13, 3: 14, 4: 14, 5: 15}
sw None $5 $4	{1: 14, 2: 15, 3: 16, 4: 17, 5: 18}
addi $4 $4 4	{1: 15, 2: 16, 3: 17, 4: 17, 5: 18}
